<?xml version="1.0" encoding="UTF-8"?>
<!-- Generated by org.testng.reporters.JUnitXMLReporter -->
<testsuite hostname="DESKTOP-2501T6F" ignored="0" name="Command line test" tests="6" failures="0" timestamp="2020-11-30T21:16:09 IST" time="0.172" errors="0">
  <testcase name="IOSApp" time="0.012" classname="selfreliant.AppiumTest"/>
  <testcase name="NativeAndroid" time="0.001" classname="selfreliant.AppiumTest"/>
  <testcase name="deleteTwitter" time="0.0" classname="selfreliant.RestAPITest"/>
  <testcase name="postJira" time="0.001" classname="selfreliant.RestAPITest"/>
  <testcase name="BrowserAutomation" time="0.001" classname="selfreliant.SeleniumTest"/>
  <testcase name="elementUI" time="0.001" classname="selfreliant.SeleniumTest"/>
</testsuite> <!-- Command line test -->
