<?xml version="1.0" encoding="UTF-8"?>
<testng-results skipped="0" failed="0" ignored="0" total="6" passed="6">
  <reporter-output>
  </reporter-output>
  <suite name="Suite" duration-ms="112" started-at="2020-11-30T21:32:07 IST" finished-at="2020-11-30T21:32:07 IST">
    <groups>
    </groups>
    <test name="Test" duration-ms="112" started-at="2020-11-30T21:32:07 IST" finished-at="2020-11-30T21:32:07 IST">
      <class name="selfreliant.SeleniumTest">
        <test-method status="PASS" signature="BrowserAutomation()[pri:0, instance:selfreliant.SeleniumTest@ebc39e]" name="BrowserAutomation" duration-ms="9" started-at="2020-11-30T21:32:07 IST" finished-at="2020-11-30T21:32:07 IST">
          <reporter-output>
          </reporter-output>
        </test-method> <!-- BrowserAutomation -->
        <test-method status="PASS" signature="elementUI()[pri:0, instance:selfreliant.SeleniumTest@ebc39e]" name="elementUI" duration-ms="1" started-at="2020-11-30T21:32:07 IST" finished-at="2020-11-30T21:32:07 IST">
          <reporter-output>
          </reporter-output>
        </test-method> <!-- elementUI -->
      </class> <!-- selfreliant.SeleniumTest -->
      <class name="selfreliant.AppiumTest">
        <test-method status="PASS" signature="IOSApp()[pri:0, instance:selfreliant.AppiumTest@16c48ac]" name="IOSApp" duration-ms="1" started-at="2020-11-30T21:32:07 IST" finished-at="2020-11-30T21:32:07 IST">
          <reporter-output>
          </reporter-output>
        </test-method> <!-- IOSApp -->
        <test-method status="PASS" signature="NativeAndroid()[pri:0, instance:selfreliant.AppiumTest@16c48ac]" name="NativeAndroid" duration-ms="1" started-at="2020-11-30T21:32:07 IST" finished-at="2020-11-30T21:32:07 IST">
          <reporter-output>
          </reporter-output>
        </test-method> <!-- NativeAndroid -->
      </class> <!-- selfreliant.AppiumTest -->
      <class name="selfreliant.RestAPITest">
        <test-method status="PASS" signature="deleteTwitter()[pri:0, instance:selfreliant.RestAPITest@4bee09]" name="deleteTwitter" duration-ms="1" started-at="2020-11-30T21:32:07 IST" finished-at="2020-11-30T21:32:07 IST">
          <reporter-output>
          </reporter-output>
        </test-method> <!-- deleteTwitter -->
        <test-method status="PASS" signature="postJira()[pri:0, instance:selfreliant.RestAPITest@4bee09]" name="postJira" duration-ms="0" started-at="2020-11-30T21:32:07 IST" finished-at="2020-11-30T21:32:07 IST">
          <reporter-output>
          </reporter-output>
        </test-method> <!-- postJira -->
      </class> <!-- selfreliant.RestAPITest -->
    </test> <!-- Test -->
  </suite> <!-- Suite -->
</testng-results>
