<?xml version="1.0" encoding="UTF-8"?>
<testsuite xmlns:xsi="http://www.w3.org/2001/XMLSchema-instance" xsi:noNamespaceSchemaLocation="https://maven.apache.org/surefire/maven-surefire-plugin/xsd/surefire-test-report.xsd" name="TestSuite" time="2.516" tests="6" errors="0" skipped="0" failures="0">
  <properties>
[...]
</properties>
  <testcase name="BrowserAutomation" classname="selfreliant.SeleniumTest" time="0.014"/>
  <testcase name="elementUI" classname="selfreliant.SeleniumTest" time="0"/>
  <testcase name="deleteTwitter" classname="selfreliant.RestAPITest" time="0.001"/>
  <testcase name="postJira" classname="selfreliant.RestAPITest" time="0.002"/>
  <testcase name="IOSApp" classname="selfreliant.AppiumTest" time="0.002"/>
  <testcase name="NativeAndroid" classname="selfreliant.AppiumTest" time="0"/>
</testsuite>